<?xml version="1.0" encoding="UTF-8"?>
<databaseChangeLog
        xmlns="http://www.liquibase.org/xml/ns/dbchangelog"
        xmlns:xsi="http://www.w3.org/2001/XMLSchema-instance"
        xsi:schemaLocation="http://www.liquibase.org/xml/ns/dbchangelog http://www.liquibase.org/xml/ns/dbchangelog/dbchangelog-3.8.xsd">

    <changeSet id="FT2: 20241216-hibernate-integration" author="emil.rycombel@er-code.net">
        <tagDatabase tag="fw-theater-0.0.1"/>
    </changeSet>


    <changeSet id="FT3: 20241216-prepare-schema-script" author="emil.rycombel@er-code.net">
        <sqlFile path="/scripts/base.sql"
                 splitStatements="true"
                 relativeToChangelogFile="true"
                 stripComments="true"/>
    </changeSet>


</databaseChangeLog>
